-------------------------------------------------------------------------------
Test set: com.example.AppTest
-------------------------------------------------------------------------------
Tests run: 5, Failures: 1, Errors: 0, Skipped: 0, Time elapsed: 0.643 s <<< FAILURE! - in com.example.AppTest
testInvalidName  Time elapsed: 0.439 s  <<< FAILURE!
org.opentest4j.AssertionFailedError: expected: <true> but was: <false>
	at com.example.AppTest.testInvalidName(AppTest.java:45)

